rust-lang默认变量不可变，是鼓励程序员使用函数式编程的思维方式吗？

计算机技术（编解码技术）

epoll和网络栈是什么关系？epoll是一种内核提供的IO多路复用模型，为用户程序提供更强大的网络io能力。网络栈是编解码二层到四层的能力。
协议栈就像载着沙石的泥头车从出发地到目的地，途中经过了渡口，或各种换乘最终到达目的地，也就是协议栈提供一种运输能力。而epoll就像一个泥头车管理公司
通过一些运营手段极大的增大运输能力，运输效率。

为什么go网络标准库用了epoll，但是evio性能更好呢？因为evio是单线程模型，没有goroutines上下文切换。

一切需要耗费太多意志力支撑的方法都不是好方法。

在go的很多web框架中Route等价于标准库ServeMux(multiplexer)。

 curl -XHELLO www.baidu.com -v 原来可以自定义HELLO方法,不仅是POST, GET等

teamviewer n2n vpn

If you never store (*T)(nil) in an interface, then you can reliably use comparison against nil, no need to use reflection. 
On the other hand, assigning untyped nil to an interface is always OK.

do not return concrete interface type
避免将一个有可能为nil的具体类型的值赋值给interface变量

chi的middleware返回值func(next http.Handler) http.Handler,这个函数类型简直就是handler改装器。

defer、return、返回值三者的执行逻辑应该是：return最先执行，return负责将结果写入返回值中；接着defer开始执行一些收尾工作；最后函数携带当前返回值退出

named return parameters can lead to subtle bugs, and generally should be avoided unless there's no alternative.

defer的参数在声明时即被确定下来;defer注意有名与无名返回值;延时参数与有名返回值遮蔽

The first line of the file specifies that you're using proto3 syntax: if you don't do this the protocol buffer compiler will assume you are using proto2.

Length-prefix framing
在现行游戏规则下突破，只会遵守规则的能当好学生。
女人很可能会趋近统治阶级，维护统治阶级的规则。

io.ByteWriter  ReadByte()
-- bytes.Buffer
-- bytes.Reader

echo -n -e "\x02\x45\x31\x38\x03\x34\x43\x0d\x0a" | socat - UDP4-DATAGRAM:127.0.0.1:6121

r, err = nullAEAD.Open(data[0:int(r.Size())-r.Len()], r)

major chord = base + major 3rd + perfect fifth
major 3rd = 2 whole steps from base
perfect 5th = 3.5 steps from base (1.5 from major 3rd)

minor chord = base + minor 3rd + perfect fifth
minor 3rd = 1.5 whole steps from base
perfect 5th = 3.5 steps from base (2 from major 3rd)

perfect 5th = 3.5 steps from base (1.5 from major 3rd, 2 from minor 3rd)
diminished 5th = 3 steps from base (1.5 from minor 3rd)
augmented 5th = 4 steps from base (2 from major 3rd)

all notes in chord must be 1.5-2 steps apart

so chords
0 1.5 1.5 (minor 3rd diminished 5th)
0 1.5 2 (minor 3rd)
0 2 1.5 (major 3rd)
0 2 2 (major 3rd augmented 5th)

more notes, same formula
each note must be 1.5 or 2 steps up


Major = major + minor
Minor = minor + major
Diminished = minor + minor
Augmented = major + major

eddie ate dynamite,good byte eddie
Every Bad girl deserves an eggplant

battles ends and down goes charles father
3~5,gab
B and E no sharp
B and C are neighbour, E and F are neighbour.

//https://www.youtube.com/watch?v=B1ed-pfqdZg
present: 
I, you, we, they and plural nouns -have been
he, she, it, singular nouns, uncountable nouns      -has been

past:
had been
       
